{"level":30,"time":"2024-12-21T11:08:51.135Z","msg":"Profile Service initialized"}
{"level":30,"time":"2024-12-21T11:08:51.556Z","msg":"libsignal net url: https://chat.signal.org"}
{"level":30,"time":"2024-12-21T11:08:51.556Z","msg":"libsignal net environment resolved to prod"}
{"level":30,"time":"2024-12-21T11:08:51.587Z","msg":"preload complete"}
{"level":30,"time":"2024-12-21T11:08:51.589Z","msg":"@signalapp/libsignal-client Initializing libsignal version:0.62.0 signal_node::logging rust/bridge/node/src/logging.rs:206"}
{"level":30,"time":"2024-12-21T11:08:51.589Z","msg":"@signalapp/libsignal-client Initializing connection manager for Prod... libsignal_bridge_types::net rust/bridge/shared/types/src/net.rs:154"}
{"level":30,"time":"2024-12-21T11:08:51.589Z","msg":"@signalapp/libsignal-client Creating endpoint connections (fallbacks disabled) for chat.signal.org and others libsignal_bridge_types::net rust/bridge/shared/types/src/net.rs:76"}
{"level":30,"time":"2024-12-21T11:08:51.644Z","msg":"NotificationService initialized"}
{"level":30,"time":"2024-12-21T11:08:51.665Z","msg":"initializeMessageCounter: picking max of db/stored counters"}
{"level":30,"time":"2024-12-21T11:08:51.666Z","msg":"Our profile key service: initializing"}
{"level":30,"time":"2024-12-21T11:08:51.667Z","msg":"background page reloaded"}
{"level":30,"time":"2024-12-21T11:08:51.667Z","msg":"environment: production"}
{"level":30,"time":"2024-12-21T11:08:51.706Z","msg":"Storage fetch"}
{"level":30,"time":"2024-12-21T11:08:51.747Z","msg":"SocketManager: connecting authenticated socket (hasStoriesDisabled=true)"}
{"level":30,"time":"2024-12-21T11:08:51.748Z","msg":"Initializing MessageReceiver"}
{"level":30,"time":"2024-12-21T11:08:51.749Z","msg":"Sender certificate service initialized"}
{"level":30,"time":"2024-12-21T11:08:51.803Z","msg":"Starting background data migration. Target version: 14"}
{"level":30,"time":"2024-12-21T11:08:51.809Z","msg":"RetryPlaceholders.constructor: Started with 0 items, lifespan of 3600000"}
{"level":30,"time":"2024-12-21T11:08:51.809Z","msg":"ConversationController: starting initial fetch"}
{"level":30,"time":"2024-12-21T11:08:51.809Z","msg":"GET (WS) https://chat.signal.org/v1/config"}
{"level":30,"time":"2024-12-21T11:08:51.829Z","msg":"ConversationController: done with initial fetch, got 6 conversations"}
{"level":30,"time":"2024-12-21T11:08:51.834Z","msg":"SignalProtocolStore: Finished caching sessions data"}
{"level":30,"time":"2024-12-21T11:08:51.837Z","msg":"SignalProtocolStore: Finished caching identityKeys data"}
{"level":30,"time":"2024-12-21T11:08:51.839Z","msg":"SignalProtocolStore: Finished caching senderKeys data"}
{"level":30,"time":"2024-12-21T11:08:51.850Z","msg":"SignalProtocolStore: Finished caching preKeys data"}
{"level":30,"time":"2024-12-21T11:08:51.900Z","msg":"SignalProtocolStore: Finished caching kyberPreKeys data"}
{"level":30,"time":"2024-12-21T11:08:51.901Z","msg":"SignalProtocolStore: Finished caching signedPreKeys data"}
{"level":30,"time":"2024-12-21T11:08:51.904Z","msg":"ConversationController.checkForConflicts: starting..."}
{"level":30,"time":"2024-12-21T11:08:51.905Z","msg":"checkForConflicts: complete!"}
{"level":30,"time":"2024-12-21T11:08:51.906Z","msg":"Storage/getItemsState: now preparing copy of items..."}
{"level":30,"time":"2024-12-21T11:08:51.924Z","msg":"conversation job queue: starting to stream jobs"}
{"level":30,"time":"2024-12-21T11:08:51.925Z","msg":"JobQueueDatabaseStore fetching existing jobs for queue \"conversation\""}
{"level":30,"time":"2024-12-21T11:08:51.926Z","msg":"groupAvatar job queue: starting to stream jobs"}
{"level":30,"time":"2024-12-21T11:08:51.926Z","msg":"JobQueueDatabaseStore fetching existing jobs for queue \"groupAvatar\""}
{"level":30,"time":"2024-12-21T11:08:51.926Z","msg":"single proto job queue: starting to stream jobs"}
{"level":30,"time":"2024-12-21T11:08:51.926Z","msg":"JobQueueDatabaseStore fetching existing jobs for queue \"single proto\""}
{"level":30,"time":"2024-12-21T11:08:51.926Z","msg":"read sync job queue: starting to stream jobs"}
{"level":30,"time":"2024-12-21T11:08:51.926Z","msg":"JobQueueDatabaseStore fetching existing jobs for queue \"read sync\""}
{"level":30,"time":"2024-12-21T11:08:51.926Z","msg":"view sync job queue: starting to stream jobs"}
{"level":30,"time":"2024-12-21T11:08:51.926Z","msg":"JobQueueDatabaseStore fetching existing jobs for queue \"view sync\""}
{"level":30,"time":"2024-12-21T11:08:51.927Z","msg":"view once open sync job queue: starting to stream jobs"}
{"level":30,"time":"2024-12-21T11:08:51.927Z","msg":"JobQueueDatabaseStore fetching existing jobs for queue \"view once open sync\""}
{"level":30,"time":"2024-12-21T11:08:51.927Z","msg":"remove storage key job queue: starting to stream jobs"}
{"level":30,"time":"2024-12-21T11:08:51.927Z","msg":"JobQueueDatabaseStore fetching existing jobs for queue \"remove storage key\""}
{"level":30,"time":"2024-12-21T11:08:51.927Z","msg":"report spam job queue: starting to stream jobs"}
{"level":30,"time":"2024-12-21T11:08:51.927Z","msg":"JobQueueDatabaseStore fetching existing jobs for queue \"report spam\""}
{"level":30,"time":"2024-12-21T11:08:51.927Z","msg":"call link refresh job queue: starting to stream jobs"}
{"level":30,"time":"2024-12-21T11:08:51.928Z","msg":"JobQueueDatabaseStore fetching existing jobs for queue \"call link refresh\""}
{"level":30,"time":"2024-12-21T11:08:51.928Z","msg":"challenge: loading 0 challenges"}
{"level":30,"time":"2024-12-21T11:08:51.928Z","msg":"Initializing network observer"}
{"level":30,"time":"2024-12-21T11:08:51.999Z","msg":"BadgeDownloader#checkForFilesToDownload: downloading 0 badge(s)"}
{"level":30,"time":"2024-12-21T11:08:51.999Z","msg":"Blocked uuids cleanup: starting..."}
{"level":30,"time":"2024-12-21T11:08:51.999Z","msg":"Blocked uuids cleanup: complete"}
{"level":30,"time":"2024-12-21T11:08:51.999Z","msg":"Expiration start timestamp cleanup: starting..."}
{"level":30,"time":"2024-12-21T11:08:52.000Z","msg":"JobQueueDatabaseStore finished fetching existing 0 jobs for queue \"conversation\""}
{"level":30,"time":"2024-12-21T11:08:52.001Z","msg":"JobQueueDatabaseStore finished fetching existing 0 jobs for queue \"single proto\""}
{"level":30,"time":"2024-12-21T11:08:52.001Z","msg":"JobQueueDatabaseStore finished fetching existing 0 jobs for queue \"groupAvatar\""}
{"level":30,"time":"2024-12-21T11:08:52.001Z","msg":"JobQueueDatabaseStore finished fetching existing 0 jobs for queue \"read sync\""}
{"level":30,"time":"2024-12-21T11:08:52.002Z","msg":"JobQueueDatabaseStore finished fetching existing 0 jobs for queue \"view once open sync\""}
{"level":30,"time":"2024-12-21T11:08:52.002Z","msg":"JobQueueDatabaseStore finished fetching existing 0 jobs for queue \"view sync\""}
{"level":30,"time":"2024-12-21T11:08:52.002Z","msg":"JobQueueDatabaseStore finished fetching existing 0 jobs for queue \"remove storage key\""}
{"level":30,"time":"2024-12-21T11:08:52.002Z","msg":"JobQueueDatabaseStore finished fetching existing 0 jobs for queue \"report spam\""}
{"level":30,"time":"2024-12-21T11:08:52.003Z","msg":"JobQueueDatabaseStore finished fetching existing 0 jobs for queue \"call link refresh\""}
{"level":30,"time":"2024-12-21T11:08:52.003Z","msg":"CallLinkDeleteJobType/enqueueAllDeletedCallLinks: Found 0 call links to delete"}
{"level":30,"time":"2024-12-21T11:08:52.003Z","msg":"CallLinkFinalizeDeleteManager: starting"}
{"level":30,"time":"2024-12-21T11:08:52.005Z","msg":"src/rust/src/core/call_manager.rs:468 RingRTC v2.48.7"}
{"level":30,"time":"2024-12-21T11:08:52.005Z","msg":"src/rust/src/core/call_manager.rs:509 set_self_uuid():"}
{"level":30,"time":"2024-12-21T11:08:52.007Z","msg":"Expiration start timestamp cleanup: Found 0 messages for cleanup"}
{"level":30,"time":"2024-12-21T11:08:52.007Z","msg":"Expiration start timestamp cleanup: complete"}
{"level":30,"time":"2024-12-21T11:08:52.008Z","msg":"syncTasks: Fetching tasks"}
{"level":30,"time":"2024-12-21T11:08:52.012Z","msg":"Startup/syncTasks: No sync tasks to process, stopping"}
{"level":30,"time":"2024-12-21T11:08:52.012Z","msg":"listening for registration events"}
{"level":30,"time":"2024-12-21T11:08:52.063Z","msg":"open inbox"}
{"level":30,"time":"2024-12-21T11:08:52.064Z","msg":"afterStart(): emitting app-ready-for-processing"}
{"level":30,"time":"2024-12-21T11:08:52.064Z","msg":"MessageReceiver.reset"}
{"level":30,"time":"2024-12-21T11:08:52.065Z","msg":"MessageReceiver.addCachedMessagesToQueue"}
{"level":30,"time":"2024-12-21T11:08:52.065Z","msg":"getAllFromCache"}
{"level":40,"time":"2024-12-21T11:08:52.066Z","msg":"backups.download: no backup download path, skipping"}
{"level":30,"time":"2024-12-21T11:08:52.067Z","msg":"afterStart: backup downloaded, resolving"}
{"level":30,"time":"2024-12-21T11:08:52.067Z","msg":"MessageReceiver.reset"}
{"level":30,"time":"2024-12-21T11:08:52.067Z","msg":"MessageReceiver.addCachedMessagesToQueue"}
{"level":30,"time":"2024-12-21T11:08:52.068Z","msg":"background: connect unblocked by backups"}
{"level":30,"time":"2024-12-21T11:08:52.068Z","msg":"setIsInitialSync(false)"}
{"level":30,"time":"2024-12-21T11:08:52.068Z","msg":"background: connect {\"connectCount\":0}"}
{"level":30,"time":"2024-12-21T11:08:52.068Z","msg":"Our profile key service: kicking off a new fetch"}
{"level":30,"time":"2024-12-21T11:08:52.069Z","msg":"Our profile key service: waiting for 1 promises before fetching"}
{"level":30,"time":"2024-12-21T11:08:52.069Z","msg":"Our profile key service: fetching profile key from storage"}
{"level":30,"time":"2024-12-21T11:08:52.070Z","msg":"GET (WS) https://chat.signal.org/v1/config"}
{"level":30,"time":"2024-12-21T11:08:52.084Z","msg":"getAllFromCache - 0 unprocessed"}
{"level":30,"time":"2024-12-21T11:08:52.084Z","msg":"getAllFromCache - done retrieving 0 unprocessed"}
{"level":30,"time":"2024-12-21T11:08:52.084Z","msg":"MessageReceiver.queueAllCached - finished"}
{"level":30,"time":"2024-12-21T11:08:52.085Z","msg":"getAllFromCache"}
{"level":30,"time":"2024-12-21T11:08:52.086Z","msg":"getAllFromCache - 0 unprocessed"}
{"level":30,"time":"2024-12-21T11:08:52.086Z","msg":"getAllFromCache - done retrieving 0 unprocessed"}
{"level":30,"time":"2024-12-21T11:08:52.086Z","msg":"MessageReceiver.queueAllCached - finished"}
{"level":30,"time":"2024-12-21T11:08:52.407Z","msg":"createHTTPSAgent.createConnection(chat.signal.org): connected to IPv4 addr after 300ms (attempts v4=1 v6=0)"}
{"level":30,"time":"2024-12-21T11:08:52.567Z","msg":"WebSocketResource(authenticated) connected in 813.9ms"}
{"level":30,"time":"2024-12-21T11:08:52.570Z","msg":"pauseQueuesAndNotificationsOnSocketConnect: pausing"}
{"level":30,"time":"2024-12-21T11:08:52.571Z","msg":"NotificationService: disabling"}
{"level":30,"time":"2024-12-21T11:08:52.572Z","msg":"MessageReceiver.reset"}
{"level":30,"time":"2024-12-21T11:08:52.572Z","msg":"MessageReceiver.addCachedMessagesToQueue"}
{"level":30,"time":"2024-12-21T11:08:52.573Z","msg":"getAllFromCache"}
{"level":30,"time":"2024-12-21T11:08:52.575Z","msg":"background: online"}
{"level":40,"time":"2024-12-21T11:08:52.575Z","msg":"background: connect already running {\"connectCount\":0}"}
{"level":30,"time":"2024-12-21T11:08:52.575Z","msg":"SocketManager: connected authenticated socket (localPort: 43080)"}
{"level":30,"time":"2024-12-21T11:08:52.585Z","msg":"GET (WS) https://chat.signal.org/v1/subscription/[REDACTED]usg (unauth)"}
{"level":30,"time":"2024-12-21T11:08:52.586Z","msg":"SocketManager: connecting unauthenticated socket"}
{"level":30,"time":"2024-12-21T11:08:52.586Z","msg":"SocketManager: connecting unauthenticated socket, transport option [original]"}
{"level":30,"time":"2024-12-21T11:08:52.589Z","msg":"getAllFromCache - 0 unprocessed"}
{"level":30,"time":"2024-12-21T11:08:52.589Z","msg":"getAllFromCache - done retrieving 0 unprocessed"}
{"level":30,"time":"2024-12-21T11:08:52.589Z","msg":"MessageReceiver.queueAllCached - finished"}
{"level":30,"time":"2024-12-21T11:08:52.594Z","msg":"MessageReceiver: got request /api/v1/message"}
{"level":30,"time":"2024-12-21T11:08:52.597Z","msg":"storageService.sync: starting... ignoreConflicts=false, reason=runStorageService/afterStart"}
{"level":30,"time":"2024-12-21T11:08:52.597Z","msg":"storageService.sync: fetching latest after version=305"}
{"level":30,"time":"2024-12-21T11:08:52.597Z","msg":"storageService.sync: fetch start"}
{"level":30,"time":"2024-12-21T11:08:52.597Z","msg":"GET (WS) https://chat.signal.org/v1/storage/auth"}
{"level":30,"time":"2024-12-21T11:08:52.673Z","msg":"MessageReceiver.decryptAndCacheBatch 1"}
{"level":30,"time":"2024-12-21T11:08:52.673Z","msg":"SignalProtocolStore.enterZone(decryptAndCacheBatch:MessageReceiver)"}
{"level":30,"time":"2024-12-21T11:08:52.675Z","msg":"queueing envelope [REDACTED]c83.1 > [REDACTED]c83 1734779317486 (d04bdce34c8c450191d4ca4a8aeddfb5)"}
{"level":30,"time":"2024-12-21T11:08:52.679Z","msg":"MessageReceiver.decryptEnvelope([REDACTED]c83.1 > [REDACTED]c83 1734779317486 (d04bdce34c8c450191d4ca4a8aeddfb5))"}
{"level":30,"time":"2024-12-21T11:08:52.681Z","msg":"decrypt/[REDACTED]c83.1 > [REDACTED]c83 1734779317486 (d04bdce34c8c450191d4ca4a8aeddfb5): ciphertext message"}
{"level":30,"time":"2024-12-21T11:08:52.682Z","msg":"enqueueSessionJob(1): queuing task signalDecrypt([REDACTED]c83:[REDACTED]c83.1), waited 0ms"}
{"level":30,"time":"2024-12-21T11:08:52.682Z","msg":"enqueueSessionJob(1): running task signalDecrypt([REDACTED]c83:[REDACTED]c83.1), waited 0ms"}
{"level":30,"time":"2024-12-21T11:08:52.685Z","msg":"@signalapp/libsignal-client decrypted Whisper message from [REDACTED]c83.1 with current session state (base key [REDACTED]475) libsignal_protocol::session_cipher /home/libsignal/src/rust/protocol/src/session_cipher.rs:457"}
{"level":30,"time":"2024-12-21T11:08:52.696Z","msg":"MessageReceiver.decryptAndCacheBatch storing 1 decrypted envelopes, keeping 0 failed envelopes."}
{"level":30,"time":"2024-12-21T11:08:52.697Z","msg":"commitZoneChanges(MessageReceiver): pending sender keys 0, pending sessions 1, pending unprocessed 1"}
{"level":30,"time":"2024-12-21T11:08:52.705Z","msg":"SignalProtocolStore.leaveZone(decryptAndCacheBatch)"}
{"level":30,"time":"2024-12-21T11:08:52.705Z","msg":"MessageReceiver.decryptAndCacheBatch acknowledging receipt"}
{"level":30,"time":"2024-12-21T11:08:52.707Z","msg":"queueing decrypted envelope [REDACTED]c83.1 > [REDACTED]c83 1734779317486 (d04bdce34c8c450191d4ca4a8aeddfb5)"}
{"level":30,"time":"2024-12-21T11:08:52.708Z","msg":"sent message to [REDACTED]c83 1734779317486 from [REDACTED]c83.1 > [REDACTED]c83 1734779317486 (d04bdce34c8c450191d4ca4a8aeddfb5)"}
{"level":30,"time":"2024-12-21T11:08:52.709Z","msg":"MessageReceiver.handleSentMessage/[REDACTED]c83.1 > [REDACTED]c83 1734779317486 (d04bdce34c8c450191d4ca4a8aeddfb5)"}
{"level":30,"time":"2024-12-21T11:08:52.716Z","msg":"handleDataMessage/[REDACTED]c83 ([REDACTED]3cc) [REDACTED]c83.1 1734779317486: starting processing in queue"}
{"level":30,"time":"2024-12-21T11:08:52.716Z","msg":"handleDataMessage/[REDACTED]c83 ([REDACTED]3cc) [REDACTED]c83.1 1734779317486: duplicate check db lookup needed [REDACTED]3cc.1-1734779317486"}
{"level":30,"time":"2024-12-21T11:08:52.717Z","msg":"MessageReceiver.decryptAndCacheBatch fully processed"}
{"level":30,"time":"2024-12-21T11:08:52.728Z","msg":"modifyTargetMessage/[REDACTED]c83.1 1734779317486: Found 0 early reaction(s) for outgoing message"}
{"level":30,"time":"2024-12-21T11:08:52.728Z","msg":"handleDataMessage/[REDACTED]c83 ([REDACTED]3cc) [REDACTED]c83.1 1734779317486: Batching save"}
{"level":30,"time":"2024-12-21T11:08:52.731Z","msg":"GET (WS) https://chat.signal.org/v1/config 200 Success"}
{"level":30,"time":"2024-12-21T11:08:52.736Z","msg":"GET (WS) https://chat.signal.org/v1/config 200 Success"}
{"level":30,"time":"2024-12-21T11:08:52.739Z","msg":"GET (WS) https://chat.signal.org/v1/storage/auth 200 Success"}
{"level":30,"time":"2024-12-21T11:08:52.747Z","msg":"GET (REST) https://storage.signal.org/v1/storage/manifest/version/305"}
{"level":30,"time":"2024-12-21T11:08:52.752Z","msg":"initializeGroupCredentialFetcher: starting..."}
{"level":30,"time":"2024-12-21T11:08:52.753Z","msg":"maybeFetchNewCredentials: fetching credentials for 1735084800000 through 1735257600000"}
{"level":30,"time":"2024-12-21T11:08:52.755Z","msg":"Flushing saveAttachmentDownloadJobs batcher items.length=0"}
{"level":30,"time":"2024-12-21T11:08:52.755Z","msg":"Flushing complete saveAttachmentDownloadJobs for batcher"}
{"level":30,"time":"2024-12-21T11:08:52.755Z","msg":"downloadQueuedPacks"}
{"level":30,"time":"2024-12-21T11:08:52.755Z","msg":"GET (WS) https://chat.signal.org/v1/certificate/auth/group?redemptionStartSeconds=1735084800&redemptionEndSeconds=1735257600&zkcCredential=true"}
{"level":30,"time":"2024-12-21T11:08:52.755Z","msg":"PUT (WS) https://chat.signal.org/v1/devices/capabilities"}
{"level":30,"time":"2024-12-21T11:08:52.756Z","msg":"AttachmentDownloadManager: starting"}
{"level":30,"time":"2024-12-21T11:08:52.841Z","msg":"saveNewMessageBatcher 1"}
{"level":30,"time":"2024-12-21T11:08:52.843Z","msg":"MessageReceiver: got request /api/v1/queue/empty"}
{"level":30,"time":"2024-12-21T11:08:52.844Z","msg":"MessageReceiver: finished processing messages after 'empty', now waiting for application"}
{"level":30,"time":"2024-12-21T11:08:52.845Z","msg":"Flushing MessageReceiver.decryptAndCacheBatcher batcher items.length=0"}
{"level":30,"time":"2024-12-21T11:08:52.845Z","msg":"Flushing complete MessageReceiver.decryptAndCacheBatcher for batcher"}
{"level":30,"time":"2024-12-21T11:08:52.845Z","msg":"Flushing MessageReceiver.cacheRemoveBatcher batcher items.length=0"}
{"level":30,"time":"2024-12-21T11:08:52.845Z","msg":"Flushing complete MessageReceiver.cacheRemoveBatcher for batcher"}
{"level":30,"time":"2024-12-21T11:08:52.845Z","msg":"MessageReceiver: emitting 'empty' event"}
{"level":30,"time":"2024-12-21T11:08:52.846Z","msg":"batcher#waitForAllBatchers"}
{"level":30,"time":"2024-12-21T11:08:52.846Z","msg":"Flushing sql.Client.updateConversationBatcher batcher items.length=3"}
{"level":30,"time":"2024-12-21T11:08:52.846Z","msg":"Flushing messageBatcher.updateMessageBatcher batcher items.length=0"}
{"level":30,"time":"2024-12-21T11:08:52.847Z","msg":"Flushing complete messageBatcher.updateMessageBatcher for batcher"}
{"level":30,"time":"2024-12-21T11:08:52.847Z","msg":"Flushing Whisper.deliveryReceiptBatcher batcher items.length=0"}
{"level":30,"time":"2024-12-21T11:08:52.847Z","msg":"Flushing complete Whisper.deliveryReceiptBatcher for batcher"}
{"level":30,"time":"2024-12-21T11:08:52.847Z","msg":"Flushing respondWithProfileKeyBatcher batcher items.length=0"}
{"level":30,"time":"2024-12-21T11:08:52.847Z","msg":"Flushing complete respondWithProfileKeyBatcher for batcher"}
{"level":30,"time":"2024-12-21T11:08:52.847Z","msg":"Flushing MessageReceiver.decryptAndCacheBatcher batcher items.length=0"}
{"level":30,"time":"2024-12-21T11:08:52.847Z","msg":"Flushing complete MessageReceiver.decryptAndCacheBatcher for batcher"}
{"level":30,"time":"2024-12-21T11:08:52.847Z","msg":"Flushing MessageReceiver.cacheRemoveBatcher batcher items.length=0"}
{"level":30,"time":"2024-12-21T11:08:52.847Z","msg":"Flushing complete MessageReceiver.cacheRemoveBatcher for batcher"}
{"level":30,"time":"2024-12-21T11:08:52.847Z","msg":"Flushing changedConvoBatcher batcher items.length=2"}
{"level":30,"time":"2024-12-21T11:08:52.851Z","msg":"Flushing saveAttachmentDownloadJobs batcher items.length=0"}
{"level":30,"time":"2024-12-21T11:08:52.851Z","msg":"Flushing complete saveAttachmentDownloadJobs for batcher"}
{"level":30,"time":"2024-12-21T11:08:52.851Z","msg":"waitBatcher#flushAllWaitBatchers"}
{"level":30,"time":"2024-12-21T11:08:52.851Z","msg":"Flushing start messageBatcher.saveNewMessageBatcher for waitBatcher items.length=0"}
{"level":30,"time":"2024-12-21T11:08:52.851Z","msg":"Flushing start processReceiptBatcher for waitBatcher items.length=0"}
{"level":30,"time":"2024-12-21T11:08:52.851Z","msg":"Flushing complete processReceiptBatcher for waitBatcher"}
{"level":30,"time":"2024-12-21T11:08:52.851Z","msg":"Flushing start deleteSentProtoBatcher for waitBatcher items.length=0"}
{"level":30,"time":"2024-12-21T11:08:52.851Z","msg":"Flushing complete deleteSentProtoBatcher for waitBatcher"}
{"level":30,"time":"2024-12-21T11:08:52.852Z","msg":"Flushing complete changedConvoBatcher for batcher"}
{"level":30,"time":"2024-12-21T11:08:52.856Z","msg":"Message saved 1734779317486"}
{"level":30,"time":"2024-12-21T11:08:52.857Z","msg":"handleAttachmentDownloadsForNewMessage/[REDACTED]c83 ([REDACTED]3cc) [REDACTED]c83.1 1734779317486: Adding to attachmentDownloadQueue 1734779317486"}
{"level":30,"time":"2024-12-21T11:08:52.857Z","msg":"Flushing complete messageBatcher.saveNewMessageBatcher for waitBatcher"}
{"level":30,"time":"2024-12-21T11:08:52.857Z","msg":"modifyTargetMessage/[REDACTED]c83.1 1734779317486: Found 0 early reaction(s) for outgoing message"}
{"level":30,"time":"2024-12-21T11:08:52.857Z","msg":"Edits.forMessage attachmentDownloadQueue not empty, not processing edits"}
{"level":30,"time":"2024-12-21T11:08:52.857Z","msg":"modifyTargetMessage/[REDACTED]c83.1 1734779317486: 0 edits in second run"}
{"level":30,"time":"2024-12-21T11:08:52.861Z","msg":"createHTTPSAgent.createConnection(chat.signal.org): connected to IPv4 addr after 272ms (attempts v4=1 v6=0)"}
{"level":30,"time":"2024-12-21T11:08:52.868Z","msg":"Flushing complete sql.Client.updateConversationBatcher for batcher"}
{"level":30,"time":"2024-12-21T11:08:52.869Z","msg":"onEmpty: All outstanding database requests complete"}
{"level":30,"time":"2024-12-21T11:08:52.871Z","msg":"UpdateKeysListener: Next update scheduled for 2024-12-20T11:23:00.868Z"}
{"level":30,"time":"2024-12-21T11:08:52.871Z","msg":"restartQueuesAndNotificationsOnEmpty: restarting"}
{"level":30,"time":"2024-12-21T11:08:52.871Z","msg":"NotificationService: enabling"}
{"level":30,"time":"2024-12-21T11:08:52.875Z","msg":"App loaded - messages: 1"}
{"level":30,"time":"2024-12-21T11:08:52.876Z","msg":"StartupQueue: Processing 0 actions"}
{"level":30,"time":"2024-12-21T11:08:52.877Z","msg":"queueAttachmentDownloads([REDACTED]c83.1 1734779317486}): Queueing 1 normal attachment downloads"}
{"level":30,"time":"2024-12-21T11:08:52.880Z","msg":"queueAttachmentDownloads([REDACTED]c83.1 1734779317486}): Queued 1 total attachment downloads"}
{"level":30,"time":"2024-12-21T11:08:52.881Z","msg":"Downloading recent attachments for 1 of 1 total messages"}
{"level":30,"time":"2024-12-21T11:08:52.882Z","msg":"UpdateKeysListener: Updating keys..."}
{"level":30,"time":"2024-12-21T11:08:52.883Z","msg":"GET (WS) https://chat.signal.org/v2/keys?identity=aci"}
{"level":30,"time":"2024-12-21T11:08:52.906Z","msg":"Build expires (local): 2025-03-12T14:07:18.000Z"}
{"level":30,"time":"2024-12-21T11:08:52.951Z","msg":"GET (WS) https://chat.signal.org/v1/certificate/auth/group?redemptionStartSeconds=1735084800&redemptionEndSeconds=1735257600&zkcCredential=true 200 Success"}
{"level":30,"time":"2024-12-21T11:08:52.962Z","msg":"maybeFetchNewCredentials: saving 7 new group credentials, cleaning up 3 old group credentials, haveToday=true"}
{"level":30,"time":"2024-12-21T11:08:52.962Z","msg":"maybeFetchNewCredentials: saving 7 new call link auth credentials, cleaning up 3 old call link auth credentials, haveToday=true"}
{"level":30,"time":"2024-12-21T11:08:52.963Z","msg":"PUT (WS) https://chat.signal.org/v1/devices/capabilities 204 Success"}
{"level":30,"time":"2024-12-21T11:08:52.963Z","msg":"notFirstRun: not opening inbox"}
{"level":30,"time":"2024-12-21T11:08:52.964Z","msg":"Start idle detector"}
{"level":30,"time":"2024-12-21T11:08:52.964Z","msg":"challenge: online, starting 0 queues"}
{"level":30,"time":"2024-12-21T11:08:52.964Z","msg":"challenge: startAllQueues force=false"}
{"level":30,"time":"2024-12-21T11:08:53.088Z","msg":"Edits.flushEdits running"}
{"level":30,"time":"2024-12-21T11:08:53.088Z","msg":"Creating new RoutineProfileRefresher instance with id 2"}
{"level":30,"time":"2024-12-21T11:08:53.089Z","msg":"RoutineProfileRefresher.start/2: waiting for 0ms"}
{"level":30,"time":"2024-12-21T11:08:53.089Z","msg":"usernameIntegrity: running the check immediately"}
{"level":30,"time":"2024-12-21T11:08:53.091Z","msg":"GET (WS) https://chat.signal.org/v2/keys?identity=aci 200 Success"}
{"level":30,"time":"2024-12-21T11:08:53.092Z","msg":"generateLastResortKyberKey(ACI): Saving new last resort prekey 128"}
{"level":30,"time":"2024-12-21T11:08:53.093Z","msg":"WebSocketResource(unauthenticated) connected in 507.1ms"}
{"level":30,"time":"2024-12-21T11:08:53.094Z","msg":"SocketManager: connected unauthenticated socket (localPort: 43092)"}
{"level":30,"time":"2024-12-21T11:08:53.094Z","msg":"SocketManager: starting expiration timer for unauthenticated socket"}
{"level":30,"time":"2024-12-21T11:08:53.110Z","msg":"routineProfileRefresh/2: starting"}
{"level":30,"time":"2024-12-21T11:08:53.110Z","msg":"routineProfileRefresh/2: updating last refresh time"}
{"level":30,"time":"2024-12-21T11:08:53.118Z","msg":"maybeUpdateLastResortKyberKey(ACI, [REDACTED]c83): Saving new last resort prekey 128"}
{"level":30,"time":"2024-12-21T11:08:53.124Z","msg":"maybeFetchNewCredentials: Save complete."}
{"level":30,"time":"2024-12-21T11:08:53.132Z","msg":"routineProfileRefresh/2: starting to refresh conversations"}
{"level":30,"time":"2024-12-21T11:08:53.132Z","msg":"routineProfileRefresh/2: refreshing profile for [REDACTED]111 ([REDACTED]92a)"}
{"level":30,"time":"2024-12-21T11:08:53.133Z","msg":"routineProfileRefresh/2: refreshing profile for PNI:[REDACTED]c65 ([REDACTED]1a0)"}
{"level":30,"time":"2024-12-21T11:08:53.134Z","msg":"routineProfileRefresh/2: refreshing profile for [REDACTED]696 ([REDACTED]990)"}
{"level":30,"time":"2024-12-21T11:08:53.134Z","msg":"buildGetProfileOptions([REDACTED]696 ([REDACTED]990)): generating profile key credential request"}
{"level":30,"time":"2024-12-21T11:08:53.137Z","msg":"routineProfileRefresh/2: refreshing profile for PNI:[REDACTED]7d6 ([REDACTED]f32)"}
{"level":30,"time":"2024-12-21T11:08:53.138Z","msg":"routineProfileRefresh/2: refreshing profile for [REDACTED]ef9 ([REDACTED]1c1)"}
{"level":30,"time":"2024-12-21T11:08:53.138Z","msg":"getProfile(PNI:[REDACTED]c65 ([REDACTED]1a0)): Fetching profile (unversioned, auth)"}
{"level":30,"time":"2024-12-21T11:08:53.139Z","msg":"getProfile([REDACTED]696 ([REDACTED]990)): Fetching profile (versioned, unauth: accessKey)"}
{"level":30,"time":"2024-12-21T11:08:53.139Z","msg":"getProfile(PNI:[REDACTED]7d6 ([REDACTED]f32)): Fetching profile (unversioned, auth)"}
{"level":30,"time":"2024-12-21T11:08:53.139Z","msg":"GET (WS) https://chat.signal.org/v1/profile/[REDACTED]c65"}
{"level":30,"time":"2024-12-21T11:08:53.139Z","msg":"GET (WS) https://chat.signal.org/v1/profile/[REDACTED]696/[REDACTED]54b/[REDACTED]20a?credentialType=expiringProfileKey (unauth)"}
{"level":30,"time":"2024-12-21T11:08:53.139Z","msg":"GET (WS) https://chat.signal.org/v1/profile/[REDACTED]7d6"}
{"level":30,"time":"2024-12-21T11:08:53.139Z","msg":"routineProfileRefresh/2: refreshed profile for [REDACTED]111 ([REDACTED]92a)"}
{"level":30,"time":"2024-12-21T11:08:53.139Z","msg":"routineProfileRefresh/2: refreshing profile for [REDACTED]c83 ([REDACTED]3cc)"}
{"level":30,"time":"2024-12-21T11:08:53.142Z","msg":"AccountManager.generateSignedPreKey(ACI): Saving new signed prekey 28"}
{"level":30,"time":"2024-12-21T11:08:53.143Z","msg":"AttachmentDownloadManager/startJob(1734779317486.attachment.[REDACTED]tU=): starting job"}
{"level":30,"time":"2024-12-21T11:08:53.160Z","msg":"AccountManager.maybeUpdateSignedPreKey(ACI, [REDACTED]c83): Saving new signed prekey 28"}
{"level":30,"time":"2024-12-21T11:08:53.161Z","msg":"AttachmentDownloadManager/runDownloadAttachmentJob/1734779317486.attachment.[REDACTED]tU=: Starting job"}
{"level":30,"time":"2024-12-21T11:08:53.164Z","msg":"createHTTPSAgent.createConnection(storage.signal.org): connected to IPv4 addr after 75ms (attempts v4=1 v6=0)"}
{"level":30,"time":"2024-12-21T11:08:53.165Z","msg":"maybeUpdateKeys(ACI): Uploading with a signed prekey, a last-resort kyber prekey"}
{"level":30,"time":"2024-12-21T11:08:53.165Z","msg":"PUT (WS) https://chat.signal.org/v2/keys?identity=aci"}
{"level":30,"time":"2024-12-21T11:08:53.166Z","msg":"GET (REST) https://cdn2.signal.org/attachments/[REDACTED]whh"}
{"level":30,"time":"2024-12-21T11:08:53.190Z","msg":"createHTTPSAgent.createConnection(cdn2.signal.org): connected to IPv4 addr after 16ms (attempts v4=1 v6=0)"}
{"level":30,"time":"2024-12-21T11:08:53.228Z","msg":"GET (WS) https://chat.signal.org/v1/subscription/[REDACTED]usg (unauth) 200 Success"}
{"level":50,"time":"2024-12-21T11:08:53.275Z","msg":"GET (WS) https://chat.signal.org/v1/profile/[REDACTED]c65 404 Error"}
{"level":50,"time":"2024-12-21T11:08:53.277Z","msg":"getProfile(PNI:[REDACTED]c65 ([REDACTED]1a0)): Failed to fetch profile HTTPError: promiseAjax: error response; code: 404\n    at makeHTTPError ([REDACTED]/resources/app.asar/preload.bundle.js:112:1461)\n    at _promiseAjax ([REDACTED]/resources/app.asar/preload.bundle.js:112:180)\n    at process.processTicksAndRejections (node:internal/process/task_queues:95:5)\n    at async _retryAjax ([REDACTED]/resources/app.asar/preload.bundle.js:112:1182)\n    at async U ([REDACTED]/resources/app.asar/preload.bundle.js:112:7182)\n    at async Object.vt [as getProfile] ([REDACTED]/resources/app.asar/preload.bundle.js:112:10868)\n    at async fVe.doGetProfile [as fetchProfile] ([REDACTED]/resources/app.asar/preload.bundle.js:100:121400)\n    at async job ([REDACTED]/resources/app.asar/preload.bundle.js:100:126618)\n    at async run ([REDACTED]/resources/app.asar/preload.bundle.js:23:30819)\nOriginal stack:\nError\n    at _outerAjax ([REDACTED]/resources/app.asar/preload.bundle.js:112:1378)\n    at U ([REDACTED]/resources/app.asar/preload.bundle.js:112:7188)\n    at Object.vt [as getProfile] ([REDACTED]/resources/app.asar/preload.bundle.js:112:10874)\n    at fVe.doGetProfile [as fetchProfile] ([REDACTED]/resources/app.asar/preload.bundle.js:100:121415)\n    at async job ([REDACTED]/resources/app.asar/preload.bundle.js:100:126618)\n    at async run ([REDACTED]/resources/app.asar/preload.bundle.js:23:30819)\nCaused by: undefined"}
{"level":30,"time":"2024-12-21T11:08:53.277Z","msg":"getProfile(PNI:[REDACTED]c65 ([REDACTED]1a0)): Profile not found"}
{"level":40,"time":"2024-12-21T11:08:53.277Z","msg":"ConversationModel.removeLastProfile: called for PNI:[REDACTED]c65 ([REDACTED]1a0)"}
{"level":30,"time":"2024-12-21T11:08:53.278Z","msg":"getProfile(PNI:[REDACTED]c65 ([REDACTED]1a0)): Marking conversation unregistered"}
{"level":30,"time":"2024-12-21T11:08:53.278Z","msg":"setUnregistered(PNI:[REDACTED]c65 ([REDACTED]1a0)): conversation is now unregistered, timestamp=1734779333278"}
{"level":40,"time":"2024-12-21T11:08:53.279Z","msg":"routineProfileRefresh/2: refreshed profile for PNI:[REDACTED]c65 ([REDACTED]1a0), got error code 404"}
{"level":30,"time":"2024-12-21T11:08:53.279Z","msg":"getProfile([REDACTED]ef9 ([REDACTED]1c1)): Fetching profile (unversioned, auth)"}
{"level":30,"time":"2024-12-21T11:08:53.280Z","msg":"GET (WS) https://chat.signal.org/v1/profile/[REDACTED]ef9"}
{"level":30,"time":"2024-12-21T11:08:53.304Z","msg":"GET (WS) https://chat.signal.org/v1/profile/[REDACTED]696/[REDACTED]54b/[REDACTED]20a?credentialType=expiringProfileKey (unauth) 200 Success"}
{"level":30,"time":"2024-12-21T11:08:53.306Z","msg":"getProfile([REDACTED]696 ([REDACTED]990)): setting sealedSender to ENABLED (unidentifiedAccess: true, unrestrictedUnidentifiedAccess: false, accessKey: true)"}
{"level":30,"time":"2024-12-21T11:08:53.310Z","msg":"buildGetProfileOptions([REDACTED]c83 ([REDACTED]3cc)): generating profile key credential request"}
{"level":30,"time":"2024-12-21T11:08:53.312Z","msg":"routineProfileRefresh/2: refreshed profile for [REDACTED]696 ([REDACTED]990)"}
{"level":30,"time":"2024-12-21T11:08:53.312Z","msg":"getProfile([REDACTED]c83 ([REDACTED]3cc)): Fetching profile (versioned, unauth: accessKey)"}
{"level":30,"time":"2024-12-21T11:08:53.313Z","msg":"GET (WS) https://chat.signal.org/v1/profile/[REDACTED]c83/[REDACTED]6e8/[REDACTED]60c?credentialType=expiringProfileKey (unauth)"}
{"level":30,"time":"2024-12-21T11:08:53.314Z","msg":"GET (WS) https://chat.signal.org/v1/profile/[REDACTED]7d6 200 Success"}
{"level":30,"time":"2024-12-21T11:08:53.314Z","msg":"getProfile(PNI:[REDACTED]7d6 ([REDACTED]f32)): setting sealedSender to DISABLED (unidentifiedAccess: false, unrestrictedUnidentifiedAccess: false, accessKey: false)"}
{"level":30,"time":"2024-12-21T11:08:53.314Z","msg":"routineProfileRefresh/2: refreshed profile for PNI:[REDACTED]7d6 ([REDACTED]f32)"}
{"level":30,"time":"2024-12-21T11:08:53.314Z","msg":"PUT (WS) https://chat.signal.org/v2/keys?identity=aci 204 Success"}
{"level":30,"time":"2024-12-21T11:08:53.315Z","msg":"AccountManager.confirmKeys(ACI): confirming signed prekey key 28"}
{"level":30,"time":"2024-12-21T11:08:53.318Z","msg":"GET (REST) https://storage.signal.org/v1/storage/manifest/version/305 204 Success"}
{"level":30,"time":"2024-12-21T11:08:53.318Z","msg":"storageService.sync: no newer manifest, ok"}
{"level":30,"time":"2024-12-21T11:08:53.318Z","msg":"storageService.sync: no updates, version=305"}
{"level":30,"time":"2024-12-21T11:08:53.319Z","msg":"GET (WS) https://chat.signal.org/v1/accounts/whoami"}
{"level":30,"time":"2024-12-21T11:08:53.337Z","msg":"AccountManager.confirmKeys(ACI): confirming last resort key 128"}
{"level":30,"time":"2024-12-21T11:08:53.349Z","msg":"GET (WS) https://chat.signal.org/v2/keys?identity=aci"}
{"level":50,"time":"2024-12-21T11:08:53.416Z","msg":"GET (WS) https://chat.signal.org/v1/profile/[REDACTED]ef9 404 Error"}
{"level":50,"time":"2024-12-21T11:08:53.417Z","msg":"getProfile([REDACTED]ef9 ([REDACTED]1c1)): Failed to fetch profile HTTPError: promiseAjax: error response; code: 404\n    at makeHTTPError ([REDACTED]/resources/app.asar/preload.bundle.js:112:1461)\n    at _promiseAjax ([REDACTED]/resources/app.asar/preload.bundle.js:112:180)\n    at process.processTicksAndRejections (node:internal/process/task_queues:95:5)\n    at async _retryAjax ([REDACTED]/resources/app.asar/preload.bundle.js:112:1182)\n    at async U ([REDACTED]/resources/app.asar/preload.bundle.js:112:7182)\n    at async Object.vt [as getProfile] ([REDACTED]/resources/app.asar/preload.bundle.js:112:10868)\n    at async fVe.doGetProfile [as fetchProfile] ([REDACTED]/resources/app.asar/preload.bundle.js:100:121400)\n    at async job ([REDACTED]/resources/app.asar/preload.bundle.js:100:126618)\n    at async run ([REDACTED]/resources/app.asar/preload.bundle.js:23:30819)\nOriginal stack:\nError\n    at _outerAjax ([REDACTED]/resources/app.asar/preload.bundle.js:112:1378)\n    at U ([REDACTED]/resources/app.asar/preload.bundle.js:112:7188)\n    at Object.vt [as getProfile] ([REDACTED]/resources/app.asar/preload.bundle.js:112:10874)\n    at fVe.doGetProfile [as fetchProfile] ([REDACTED]/resources/app.asar/preload.bundle.js:100:121415)\n    at process.processTicksAndRejections (node:internal/process/task_queues:95:5)\n    at async job ([REDACTED]/resources/app.asar/preload.bundle.js:100:126618)\n    at async run ([REDACTED]/resources/app.asar/preload.bundle.js:23:30819)\nCaused by: undefined"}
{"level":30,"time":"2024-12-21T11:08:53.417Z","msg":"getProfile([REDACTED]ef9 ([REDACTED]1c1)): Profile not found"}
{"level":40,"time":"2024-12-21T11:08:53.418Z","msg":"ConversationModel.removeLastProfile: called for [REDACTED]ef9 ([REDACTED]1c1)"}
{"level":30,"time":"2024-12-21T11:08:53.418Z","msg":"getProfile([REDACTED]ef9 ([REDACTED]1c1)): Marking conversation unregistered"}
{"level":30,"time":"2024-12-21T11:08:53.418Z","msg":"setUnregistered([REDACTED]ef9 ([REDACTED]1c1)): conversation is now unregistered, timestamp=1734779333418"}
{"level":40,"time":"2024-12-21T11:08:53.419Z","msg":"routineProfileRefresh/2: refreshed profile for [REDACTED]ef9 ([REDACTED]1c1), got error code 404"}
{"level":30,"time":"2024-12-21T11:08:53.448Z","msg":"GET (WS) https://chat.signal.org/v1/profile/[REDACTED]c83/[REDACTED]6e8/[REDACTED]60c?credentialType=expiringProfileKey (unauth) 200 Success"}
{"level":30,"time":"2024-12-21T11:08:53.449Z","msg":"getProfile([REDACTED]c83 ([REDACTED]3cc)): setting sealedSender to ENABLED (unidentifiedAccess: true, unrestrictedUnidentifiedAccess: false, accessKey: true)"}
{"level":30,"time":"2024-12-21T11:08:53.450Z","msg":"GET (WS) https://chat.signal.org/v1/accounts/whoami 200 Success"}
{"level":30,"time":"2024-12-21T11:08:53.451Z","msg":"usernameIntegrity: check pass"}
{"level":40,"time":"2024-12-21T11:08:53.456Z","msg":"ActionRateLogger: got 25 events since 1734779332724: items/PUT_EXTERNAL,items/PUT_EXTERNAL,items/PUT_EXTERNAL,items/PUT_EXTERNAL,items/PUT_EXTERNAL,INBOX/SET_INBOX_ENVELOPE_TIMESTAMP,CONVERSATIONS_UPDATED,MESSAGES_ADDED,CONVERSATIONS_UPDATED,app/INITIAL_LOAD_COMPLETE,items/PUT_EXTERNAL,items/PUT_EXTERNAL,items/PUT_EXTERNAL,items/PUT_EXTERNAL,items/PUT_EXTERNAL,CONVERSATIONS_UPDATED,items/PUT_EXTERNAL,MESSAGE_CHANGED,items/PUT_EXTERNAL,CONVERSATIONS_UPDATED,CONVERSATIONS_UPDATED,items/PUT_EXTERNAL,items/PUT_EXTERNAL,CONVERSATIONS_UPDATED,items/PUT_EXTERNAL"}
{"level":30,"time":"2024-12-21T11:08:53.475Z","msg":"GET (REST) https://cdn.signal.org/[REDACTED]A=="}
{"level":30,"time":"2024-12-21T11:08:53.484Z","msg":"GET (WS) https://chat.signal.org/v2/keys?identity=aci 200 Success"}
{"level":30,"time":"2024-12-21T11:08:53.484Z","msg":"maybeUpdateKeys(ACI): Successfully updated; server prekey count: 96, server kyber prekey count: 96"}
{"level":30,"time":"2024-12-21T11:08:53.485Z","msg":"AccountManager.cleanSignedPreKeys(ACI): Most recent signed key: 28"}
{"level":30,"time":"2024-12-21T11:08:53.485Z","msg":"AccountManager.cleanSignedPreKeys(ACI): Most recent confirmed signed key: 28"}
{"level":30,"time":"2024-12-21T11:08:53.485Z","msg":"AccountManager.cleanSignedPreKeys(ACI): Most recent unconfirmed signed key: none"}
{"level":30,"time":"2024-12-21T11:08:53.485Z","msg":"AccountManager.cleanSignedPreKeys(ACI): Total signed key count: 8 - 8 confirmed"}
{"level":30,"time":"2024-12-21T11:08:53.486Z","msg":"AccountManager.cleanLastResortKeys(ACI): Most recent last resort key: 128"}
{"level":30,"time":"2024-12-21T11:08:53.486Z","msg":"AccountManager.cleanLastResortKeys(ACI): Most recent confirmed last resort key: 128"}
{"level":30,"time":"2024-12-21T11:08:53.486Z","msg":"AccountManager.cleanLastResortKeys(ACI): Most recent unconfirmed last resort key: none"}
{"level":30,"time":"2024-12-21T11:08:53.486Z","msg":"AccountManager.cleanLastResortKeys(ACI): Total last resort key count: 8 - 8 confirmed"}
{"level":30,"time":"2024-12-21T11:08:53.486Z","msg":"AccountManager.cleanPreKeys(ACI): 98 total prekeys"}
{"level":30,"time":"2024-12-21T11:08:53.487Z","msg":"AccountManager.cleanKyberPreKeys(ACI): 98 total prekeys"}
{"level":30,"time":"2024-12-21T11:08:53.487Z","msg":"GET (WS) https://chat.signal.org/v2/keys?identity=pni"}
{"level":30,"time":"2024-12-21T11:08:53.523Z","msg":"GET (REST) https://cdn2.signal.org/attachments/[REDACTED]whh 200 Streaming with details"}
{"level":30,"time":"2024-12-21T11:08:53.641Z","msg":"GET (WS) https://chat.signal.org/v2/keys?identity=pni 200 Success"}
{"level":30,"time":"2024-12-21T11:08:53.643Z","msg":"generateLastResortKyberKey(PNI): Saving new last resort prekey 129"}
{"level":30,"time":"2024-12-21T11:08:53.654Z","msg":"maybeUpdateLastResortKyberKey(PNI, PNI:[REDACTED]9ac): Saving new last resort prekey 129"}
{"level":30,"time":"2024-12-21T11:08:53.659Z","msg":"GET (REST) https://cdn2.signal.org/attachments/[REDACTED]whh 200 Streaming ended"}
{"level":30,"time":"2024-12-21T11:08:53.662Z","msg":"AccountManager.generateSignedPreKey(PNI): Saving new signed prekey 29"}
{"level":30,"time":"2024-12-21T11:08:53.672Z","msg":"AccountManager.maybeUpdateSignedPreKey(PNI, PNI:[REDACTED]9ac): Saving new signed prekey 29"}
{"level":30,"time":"2024-12-21T11:08:53.678Z","msg":"maybeUpdateKeys(PNI): Uploading with a signed prekey, a last-resort kyber prekey"}
{"level":30,"time":"2024-12-21T11:08:53.678Z","msg":"PUT (WS) https://chat.signal.org/v2/keys?identity=pni"}
{"level":30,"time":"2024-12-21T11:08:53.767Z","msg":"AttachmentDownloadManager/startJob(1734779317486.attachment.[REDACTED]tU=): job completed with status: finished"}
{"level":30,"time":"2024-12-21T11:08:53.818Z","msg":"PUT (WS) https://chat.signal.org/v2/keys?identity=pni 204 Success"}
{"level":30,"time":"2024-12-21T11:08:53.818Z","msg":"AccountManager.confirmKeys(PNI): confirming signed prekey key 29"}
{"level":30,"time":"2024-12-21T11:08:53.829Z","msg":"AccountManager.confirmKeys(PNI): confirming last resort key 129"}
{"level":30,"time":"2024-12-21T11:08:53.841Z","msg":"GET (WS) https://chat.signal.org/v2/keys?identity=pni"}
{"level":30,"time":"2024-12-21T11:08:53.854Z","msg":"createHTTPSAgent.createConnection(cdn.signal.org): connected to IPv4 addr after 18ms (attempts v4=1 v6=0)"}
{"level":30,"time":"2024-12-21T11:08:53.872Z","msg":"NotificationService not updating notifications. Notifications are enabled; app is focused; there is no notification data"}
{"level":30,"time":"2024-12-21T11:08:53.977Z","msg":"GET (WS) https://chat.signal.org/v2/keys?identity=pni 200 Success"}
{"level":30,"time":"2024-12-21T11:08:53.977Z","msg":"maybeUpdateKeys(PNI): Successfully updated; server prekey count: 100, server kyber prekey count: 100"}
{"level":30,"time":"2024-12-21T11:08:53.977Z","msg":"AccountManager.cleanSignedPreKeys(PNI): Most recent signed key: 29"}
{"level":30,"time":"2024-12-21T11:08:53.977Z","msg":"AccountManager.cleanSignedPreKeys(PNI): Most recent confirmed signed key: 29"}
{"level":30,"time":"2024-12-21T11:08:53.978Z","msg":"AccountManager.cleanSignedPreKeys(PNI): Most recent unconfirmed signed key: none"}
{"level":30,"time":"2024-12-21T11:08:53.978Z","msg":"AccountManager.cleanSignedPreKeys(PNI): Total signed key count: 8 - 8 confirmed"}
{"level":30,"time":"2024-12-21T11:08:53.978Z","msg":"AccountManager.cleanLastResortKeys(PNI): Most recent last resort key: 129"}
{"level":30,"time":"2024-12-21T11:08:53.978Z","msg":"AccountManager.cleanLastResortKeys(PNI): Most recent confirmed last resort key: 129"}
{"level":30,"time":"2024-12-21T11:08:53.979Z","msg":"AccountManager.cleanLastResortKeys(PNI): Most recent unconfirmed last resort key: none"}
{"level":30,"time":"2024-12-21T11:08:53.979Z","msg":"AccountManager.cleanLastResortKeys(PNI): Total last resort key count: 8 - 8 confirmed"}
{"level":30,"time":"2024-12-21T11:08:53.979Z","msg":"AccountManager.cleanPreKeys(PNI): 100 total prekeys"}
{"level":30,"time":"2024-12-21T11:08:53.979Z","msg":"AccountManager.cleanKyberPreKeys(PNI): 100 total prekeys"}
{"level":30,"time":"2024-12-21T11:08:53.980Z","msg":"UpdateKeysListener: Next update scheduled for 2024-12-23T11:08:53.980Z"}
{"level":30,"time":"2024-12-21T11:08:54.526Z","msg":"GET (REST) https://cdn.signal.org/[REDACTED]A== 200 Success"}
{"level":30,"time":"2024-12-21T11:08:54.528Z","msg":"routineProfileRefresh/2: refreshed profile for [REDACTED]c83 ([REDACTED]3cc)"}
{"level":30,"time":"2024-12-21T11:08:54.528Z","msg":"routineProfileRefresh/2: successfully refreshed 4 out of 6 conversation(s)"}
{"level":30,"time":"2024-12-21T11:08:54.528Z","msg":"storageService.sync: starting... ignoreConflicts=false, reason=runStorageService/connect/connectCount=1"}
{"level":30,"time":"2024-12-21T11:08:54.528Z","msg":"storageService.sync: fetching latest after version=305"}
{"level":30,"time":"2024-12-21T11:08:54.528Z","msg":"storageService.sync: fetch start"}
{"level":30,"time":"2024-12-21T11:08:54.529Z","msg":"GET (WS) https://chat.signal.org/v1/storage/auth"}
{"level":30,"time":"2024-12-21T11:08:54.534Z","msg":"usernameIntegrity: running the check in 86399995ms"}
{"level":30,"time":"2024-12-21T11:08:54.660Z","msg":"GET (WS) https://chat.signal.org/v1/storage/auth 200 Success"}
{"level":30,"time":"2024-12-21T11:08:54.667Z","msg":"GET (REST) https://storage.signal.org/v1/storage/manifest/version/305"}
{"level":30,"time":"2024-12-21T11:08:54.768Z","msg":"checkExpiringMessages: checking for expiring messages"}
{"level":30,"time":"2024-12-21T11:08:54.769Z","msg":"checkExpiringMessages: found no messages to expire"}
{"level":30,"time":"2024-12-21T11:08:54.804Z","msg":"GET (REST) https://storage.signal.org/v1/storage/manifest/version/305 204 Success"}
{"level":30,"time":"2024-12-21T11:08:54.804Z","msg":"storageService.sync: no newer manifest, ok"}
{"level":30,"time":"2024-12-21T11:08:54.804Z","msg":"storageService.sync: no updates, version=305"}
{"level":30,"time":"2024-12-21T11:08:55.379Z","msg":"preloadNewestMessages/[REDACTED]c83 ([REDACTED]3cc): starting"}
{"level":40,"time":"2024-12-21T11:08:55.397Z","msg":"lookupOrCreate: Called with neither e164 nor serviceId! reason: MessageModel.getSenderIdentifier"}
{"level":40,"time":"2024-12-21T11:08:55.397Z","msg":"lookupOrCreate: Called with neither e164 nor serviceId! reason: MessageModel.getSenderIdentifier"}
{"level":40,"time":"2024-12-21T11:08:55.398Z","msg":"lookupOrCreate: Called with neither e164 nor serviceId! reason: MessageModel.getSenderIdentifier"}
{"level":40,"time":"2024-12-21T11:08:55.398Z","msg":"lookupOrCreate: Called with neither e164 nor serviceId! reason: MessageModel.getSenderIdentifier"}
{"level":40,"time":"2024-12-21T11:08:55.398Z","msg":"lookupOrCreate: Called with neither e164 nor serviceId! reason: MessageModel.getSenderIdentifier"}
{"level":40,"time":"2024-12-21T11:08:55.398Z","msg":"lookupOrCreate: Called with neither e164 nor serviceId! reason: MessageModel.getSenderIdentifier"}
{"level":40,"time":"2024-12-21T11:08:55.399Z","msg":"lookupOrCreate: Called with neither e164 nor serviceId! reason: MessageModel.getSenderIdentifier"}
{"level":40,"time":"2024-12-21T11:08:55.399Z","msg":"lookupOrCreate: Called with neither e164 nor serviceId! reason: MessageModel.getSenderIdentifier"}
{"level":40,"time":"2024-12-21T11:08:55.399Z","msg":"lookupOrCreate: Called with neither e164 nor serviceId! reason: MessageModel.getSenderIdentifier"}
{"level":40,"time":"2024-12-21T11:08:55.399Z","msg":"lookupOrCreate: Called with neither e164 nor serviceId! reason: MessageModel.getSenderIdentifier"}
{"level":40,"time":"2024-12-21T11:08:55.400Z","msg":"lookupOrCreate: Called with neither e164 nor serviceId! reason: MessageModel.getSenderIdentifier"}
{"level":40,"time":"2024-12-21T11:08:55.400Z","msg":"lookupOrCreate: Called with neither e164 nor serviceId! reason: MessageModel.getSenderIdentifier"}
{"level":40,"time":"2024-12-21T11:08:55.400Z","msg":"lookupOrCreate: Called with neither e164 nor serviceId! reason: MessageModel.getSenderIdentifier"}
{"level":40,"time":"2024-12-21T11:08:55.400Z","msg":"lookupOrCreate: Called with neither e164 nor serviceId! reason: MessageModel.getSenderIdentifier"}
{"level":40,"time":"2024-12-21T11:08:55.400Z","msg":"lookupOrCreate: Called with neither e164 nor serviceId! reason: MessageModel.getSenderIdentifier"}
{"level":30,"time":"2024-12-21T11:08:55.401Z","msg":"preloadNewestMessages/[REDACTED]c83 ([REDACTED]3cc): preloaded 30 messages, latest timestamp=1734779317486"}
{"level":30,"time":"2024-12-21T11:08:55.543Z","msg":"conversation [REDACTED]c83 ([REDACTED]3cc) open start"}
{"level":30,"time":"2024-12-21T11:08:55.641Z","msg":"onConversationOpened([REDACTED]c83 ([REDACTED]3cc)): Updating newly opened conversation state"}
{"level":30,"time":"2024-12-21T11:08:55.648Z","msg":"fetchLatestGroupV2Data: Not groupV2"}
{"level":30,"time":"2024-12-21T11:08:55.649Z","msg":"buildGetProfileOptions([REDACTED]c83 ([REDACTED]3cc)): using unexpired profile key credential"}
{"level":30,"time":"2024-12-21T11:08:55.649Z","msg":"loadNewestMessages/[REDACTED]c83 ([REDACTED]3cc): preload cache still valid, skipping"}
{"level":30,"time":"2024-12-21T11:08:55.862Z","msg":"conversation [REDACTED]c83 ([REDACTED]3cc) open took 319ms"}
{"level":30,"time":"2024-12-21T11:08:55.919Z","msg":"MessageAudio: loading audio and computing waveform"}
{"level":30,"time":"2024-12-21T11:08:55.919Z","msg":"VoiceNotesPlaybackContext(attachment://v2/90/[REDACTED]ce4): queueing computing peaks"}
{"level":30,"time":"2024-12-21T11:08:55.920Z","msg":"GlobalAudioContext(attachment://v2/90/[REDACTED]ce4): waveform cache miss"}
{"level":30,"time":"2024-12-21T11:08:55.924Z","msg":"MessageAudio: loading audio and computing waveform"}
{"level":30,"time":"2024-12-21T11:08:55.924Z","msg":"VoiceNotesPlaybackContext(attachment://v2/d9/[REDACTED]550): queueing computing peaks"}
{"level":30,"time":"2024-12-21T11:08:55.924Z","msg":"GlobalAudioContext(attachment://v2/d9/[REDACTED]550): waveform cache miss"}
{"level":30,"time":"2024-12-21T11:08:55.925Z","msg":"MessageAudio: loading audio and computing waveform"}
{"level":30,"time":"2024-12-21T11:08:55.926Z","msg":"VoiceNotesPlaybackContext(attachment://v2/e3/[REDACTED]74f): queueing computing peaks"}
{"level":30,"time":"2024-12-21T11:08:55.926Z","msg":"GlobalAudioContext(attachment://v2/e3/[REDACTED]74f): waveform cache miss"}
{"level":30,"time":"2024-12-21T11:08:55.931Z","msg":"getProfile([REDACTED]c83 ([REDACTED]3cc)): Fetching profile (versioned, unauth: accessKey)"}
{"level":30,"time":"2024-12-21T11:08:55.936Z","msg":"GET (WS) https://chat.signal.org/v1/profile/[REDACTED]c83/[REDACTED]6e8 (unauth)"}
{"level":30,"time":"2024-12-21T11:08:56.136Z","msg":"GET (WS) https://chat.signal.org/v1/profile/[REDACTED]c83/[REDACTED]6e8 (unauth) 200 Success"}
{"level":30,"time":"2024-12-21T11:08:56.136Z","msg":"getProfile([REDACTED]c83 ([REDACTED]3cc)): setting sealedSender to ENABLED (unidentifiedAccess: true, unrestrictedUnidentifiedAccess: false, accessKey: true)"}
{"level":30,"time":"2024-12-21T11:08:56.215Z","msg":"markConversationRead([REDACTED]c83 ([REDACTED]3cc)) {\"newestSentAt\":1734779317486,\"newestUnreadAt\":1722798836654,\"unreadMessages\":0,\"unreadReactions\":0}"}
{"level":30,"time":"2024-12-21T11:08:56.233Z","msg":"GET (REST) https://cdn.signal.org/[REDACTED]A=="}
{"level":30,"time":"2024-12-21T11:08:56.300Z","msg":"GET (REST) https://cdn.signal.org/[REDACTED]A== 200 Success"}
{"level":30,"time":"2024-12-21T11:09:00.180Z","msg":"NotificationService: clearing notification and requesting an update"}
{"level":30,"time":"2024-12-21T11:09:00.193Z","msg":"markConversationRead([REDACTED]c83 ([REDACTED]3cc)) {\"newestSentAt\":1734779317486,\"newestUnreadAt\":1722798836654,\"unreadMessages\":0,\"unreadReactions\":0}"}
{"level":30,"time":"2024-12-21T11:09:01.180Z","msg":"NotificationService not updating notifications. Notifications are enabled; app is not focused; there is no notification data"}
{"level":40,"time":"2024-12-21T11:09:03.170Z","msg":"idleDetector/idle: fetching at most 1000 for migration"}
{"level":30,"time":"2024-12-21T11:09:03.219Z","msg":"idleDetector/idle: Upgraded messages: {\"done\":true,\"numProcessed\":0,\"numSucceeded\":0,\"numFailedUpgrade\":0,\"numFailedSave\":0,\"fetchDuration\":44,\"upgradeDuration\":0,\"saveDuration\":3,\"totalDuration\":47}"}
{"level":30,"time":"2024-12-21T11:09:03.219Z","msg":"Stop idle detector"}
{"level":30,"time":"2024-12-21T11:09:03.220Z","msg":"idleDetector/idle: Background migration complete. Stopping."}
{"level":30,"time":"2024-12-21T11:09:12.488Z","msg":"NotificationService: clearing notification and requesting an update"}
{"level":30,"time":"2024-12-21T11:09:12.493Z","msg":"markConversationRead([REDACTED]c83 ([REDACTED]3cc)) {\"newestSentAt\":1734779317486,\"newestUnreadAt\":1722798836654,\"unreadMessages\":0,\"unreadReactions\":0}"}
{"level":30,"time":"2024-12-21T11:09:13.488Z","msg":"NotificationService not updating notifications. Notifications are enabled; app is not focused; there is no notification data"}
{"level":30,"time":"2024-12-21T11:09:16.208Z","msg":"MessageAudio: loading audio and computing waveform"}
{"level":30,"time":"2024-12-21T11:09:16.208Z","msg":"VoiceNotesPlaybackContext(attachment://v2/90/[REDACTED]ce4): queueing computing peaks"}
{"level":30,"time":"2024-12-21T11:09:16.208Z","msg":"GlobalAudioContext(attachment://v2/90/[REDACTED]ce4): waveform cache hit"}
{"level":30,"time":"2024-12-21T11:09:16.208Z","msg":"MessageAudio: loading audio and computing waveform"}
{"level":30,"time":"2024-12-21T11:09:16.208Z","msg":"VoiceNotesPlaybackContext(attachment://v2/d9/[REDACTED]550): queueing computing peaks"}
{"level":30,"time":"2024-12-21T11:09:16.208Z","msg":"GlobalAudioContext(attachment://v2/d9/[REDACTED]550): waveform cache hit"}
{"level":30,"time":"2024-12-21T11:09:16.208Z","msg":"MessageAudio: loading audio and computing waveform"}
{"level":30,"time":"2024-12-21T11:09:16.208Z","msg":"VoiceNotesPlaybackContext(attachment://v2/e3/[REDACTED]74f): queueing computing peaks"}
{"level":30,"time":"2024-12-21T11:09:16.208Z","msg":"GlobalAudioContext(attachment://v2/e3/[REDACTED]74f): waveform cache hit"}
{"level":30,"time":"2024-12-21T11:09:21.683Z","msg":"NotificationService: clearing notification and requesting an update"}
{"level":30,"time":"2024-12-21T11:09:22.684Z","msg":"NotificationService not updating notifications. Notifications are enabled; app is not focused; there is no notification data"}
{"level":30,"time":"2024-12-21T11:09:24.661Z","msg":"WebSocketResources.KeepAlive(authenticated).send: Sending a keepalive message"}
{"level":30,"time":"2024-12-21T11:09:26.135Z","msg":"WebSocketResources.KeepAlive(unauthenticated).send: Sending a keepalive message"}
{"level":30,"time":"2024-12-21T11:09:54.529Z","msg":"RoutineProfileRefresher.start/2: waiting for 3538581ms"}
{"level":30,"time":"2024-12-21T11:09:54.875Z","msg":"WebSocketResources.KeepAlive(authenticated).send: Sending a keepalive message"}
{"level":30,"time":"2024-12-21T11:09:55.988Z","msg":"NotificationService: clearing notification and requesting an update"}
{"level":30,"time":"2024-12-21T11:09:55.996Z","msg":"markConversationRead([REDACTED]c83 ([REDACTED]3cc)) {\"newestSentAt\":1734779317486,\"newestUnreadAt\":1722798836654,\"unreadMessages\":0,\"unreadReactions\":0}"}
{"level":30,"time":"2024-12-21T11:09:56.372Z","msg":"WebSocketResources.KeepAlive(unauthenticated).send: Sending a keepalive message"}
{"level":30,"time":"2024-12-21T11:09:56.989Z","msg":"NotificationService not updating notifications. Notifications are enabled; app is not focused; there is no notification data"}
{"level":30,"time":"2024-12-21T11:10:04.039Z","msg":"NotificationService: clearing notification and requesting an update"}
{"level":30,"time":"2024-12-21T11:10:05.039Z","msg":"NotificationService not updating notifications. Notifications are enabled; app is not focused; there is no notification data"}
{"level":30,"time":"2024-12-21T11:10:25.007Z","msg":"WebSocketResources.KeepAlive(authenticated).send: Sending a keepalive message"}
{"level":30,"time":"2024-12-21T11:10:26.505Z","msg":"WebSocketResources.KeepAlive(unauthenticated).send: Sending a keepalive message"}
{"level":30,"time":"2024-12-21T11:10:52.852Z","msg":"getAllFromCache"}
{"level":30,"time":"2024-12-21T11:10:52.856Z","msg":"getAllFromCache - 0 unprocessed"}
{"level":30,"time":"2024-12-21T11:10:52.856Z","msg":"getAllFromCache - done retrieving 0 unprocessed"}
{"level":30,"time":"2024-12-21T11:10:52.856Z","msg":"MessageReceiver.queueAllCached - finished"}
{"level":30,"time":"2024-12-21T11:10:55.140Z","msg":"WebSocketResources.KeepAlive(authenticated).send: Sending a keepalive message"}
{"level":30,"time":"2024-12-21T11:10:56.642Z","msg":"WebSocketResources.KeepAlive(unauthenticated).send: Sending a keepalive message"}
{"level":30,"time":"2024-12-21T11:11:25.273Z","msg":"WebSocketResources.KeepAlive(authenticated).send: Sending a keepalive message"}
{"level":30,"time":"2024-12-21T11:11:26.774Z","msg":"WebSocketResources.KeepAlive(unauthenticated).send: Sending a keepalive message"}
{"level":30,"time":"2024-12-21T11:11:55.405Z","msg":"WebSocketResources.KeepAlive(authenticated).send: Sending a keepalive message"}
{"level":30,"time":"2024-12-21T11:11:56.905Z","msg":"WebSocketResources.KeepAlive(unauthenticated).send: Sending a keepalive message"}
{"level":30,"time":"2024-12-21T11:12:25.537Z","msg":"WebSocketResources.KeepAlive(authenticated).send: Sending a keepalive message"}
{"level":30,"time":"2024-12-21T11:12:27.036Z","msg":"WebSocketResources.KeepAlive(unauthenticated).send: Sending a keepalive message"}
{"level":30,"time":"2024-12-21T11:12:55.669Z","msg":"WebSocketResources.KeepAlive(authenticated).send: Sending a keepalive message"}
{"level":30,"time":"2024-12-21T11:12:57.176Z","msg":"WebSocketResources.KeepAlive(unauthenticated).send: Sending a keepalive message"}
{"level":30,"time":"2024-12-21T11:12:57.449Z","msg":"MessageAudio: loading audio and computing waveform"}
{"level":30,"time":"2024-12-21T11:12:57.449Z","msg":"VoiceNotesPlaybackContext(attachment://v2/90/[REDACTED]ce4): queueing computing peaks"}
{"level":30,"time":"2024-12-21T11:12:57.449Z","msg":"GlobalAudioContext(attachment://v2/90/[REDACTED]ce4): waveform cache hit"}
{"level":30,"time":"2024-12-21T11:12:57.449Z","msg":"MessageAudio: loading audio and computing waveform"}
{"level":30,"time":"2024-12-21T11:12:57.449Z","msg":"VoiceNotesPlaybackContext(attachment://v2/d9/[REDACTED]550): queueing computing peaks"}
{"level":30,"time":"2024-12-21T11:12:57.449Z","msg":"GlobalAudioContext(attachment://v2/d9/[REDACTED]550): waveform cache hit"}
{"level":30,"time":"2024-12-21T11:12:57.449Z","msg":"MessageAudio: loading audio and computing waveform"}
{"level":30,"time":"2024-12-21T11:12:57.449Z","msg":"VoiceNotesPlaybackContext(attachment://v2/e3/[REDACTED]74f): queueing computing peaks"}
{"level":30,"time":"2024-12-21T11:12:57.449Z","msg":"GlobalAudioContext(attachment://v2/e3/[REDACTED]74f): waveform cache hit"}
{"level":30,"time":"2024-12-21T11:12:57.481Z","msg":"NotificationService: clearing notification and requesting an update"}
{"level":30,"time":"2024-12-21T11:12:57.492Z","msg":"markConversationRead([REDACTED]c83 ([REDACTED]3cc)) {\"newestSentAt\":1734779317486,\"newestUnreadAt\":1722798836654,\"unreadMessages\":0,\"unreadReactions\":0}"}
{"level":30,"time":"2024-12-21T11:12:57.985Z","msg":"markConversationRead([REDACTED]c83 ([REDACTED]3cc)) {\"newestSentAt\":1734779317486,\"newestUnreadAt\":1722798836654,\"unreadMessages\":0,\"unreadReactions\":0}"}
{"level":30,"time":"2024-12-21T11:12:58.482Z","msg":"NotificationService not updating notifications. Notifications are enabled; app is focused; there is no notification data"}
{"level":30,"time":"2024-12-21T11:12:59.903Z","msg":"background/shutdown"}
{"level":30,"time":"2024-12-21T11:12:59.903Z","msg":"AttachmentDownloadManager: stopping. There are 0 active job(s)"}
{"level":30,"time":"2024-12-21T11:12:59.903Z","msg":"AttachmentBackupManager/stopping"}
{"level":40,"time":"2024-12-21T11:12:59.903Z","msg":"cancelInflightRequests/shutdown: Cancelling 0 requests"}
{"level":40,"time":"2024-12-21T11:12:59.903Z","msg":"cancelInflightRequests/shutdown: Done"}
{"level":30,"time":"2024-12-21T11:12:59.903Z","msg":"background/shutdown: shutting down messageReceiver"}
{"level":30,"time":"2024-12-21T11:12:59.903Z","msg":"MessageReceiver.stopProcessing"}
{"level":30,"time":"2024-12-21T11:12:59.903Z","msg":"batcher#waitForAllBatchers"}
{"level":30,"time":"2024-12-21T11:12:59.903Z","msg":"Flushing sql.Client.updateConversationBatcher batcher items.length=0"}
{"level":30,"time":"2024-12-21T11:12:59.903Z","msg":"Flushing complete sql.Client.updateConversationBatcher for batcher"}
{"level":30,"time":"2024-12-21T11:12:59.903Z","msg":"Flushing messageBatcher.updateMessageBatcher batcher items.length=0"}
{"level":30,"time":"2024-12-21T11:12:59.903Z","msg":"Flushing complete messageBatcher.updateMessageBatcher for batcher"}
{"level":30,"time":"2024-12-21T11:12:59.903Z","msg":"Flushing Whisper.deliveryReceiptBatcher batcher items.length=0"}
{"level":30,"time":"2024-12-21T11:12:59.903Z","msg":"Flushing complete Whisper.deliveryReceiptBatcher for batcher"}
{"level":30,"time":"2024-12-21T11:12:59.903Z","msg":"Flushing respondWithProfileKeyBatcher batcher items.length=0"}
{"level":30,"time":"2024-12-21T11:12:59.903Z","msg":"Flushing complete respondWithProfileKeyBatcher for batcher"}
{"level":30,"time":"2024-12-21T11:12:59.903Z","msg":"Flushing MessageReceiver.decryptAndCacheBatcher batcher items.length=0"}
{"level":30,"time":"2024-12-21T11:12:59.903Z","msg":"Flushing complete MessageReceiver.decryptAndCacheBatcher for batcher"}
{"level":30,"time":"2024-12-21T11:12:59.904Z","msg":"Flushing MessageReceiver.cacheRemoveBatcher batcher items.length=0"}
{"level":30,"time":"2024-12-21T11:12:59.904Z","msg":"Flushing complete MessageReceiver.cacheRemoveBatcher for batcher"}
{"level":30,"time":"2024-12-21T11:12:59.904Z","msg":"Flushing changedConvoBatcher batcher items.length=0"}
{"level":30,"time":"2024-12-21T11:12:59.904Z","msg":"Flushing complete changedConvoBatcher for batcher"}
{"level":30,"time":"2024-12-21T11:12:59.904Z","msg":"Flushing saveAttachmentDownloadJobs batcher items.length=0"}
{"level":30,"time":"2024-12-21T11:12:59.904Z","msg":"Flushing complete saveAttachmentDownloadJobs for batcher"}
{"level":30,"time":"2024-12-21T11:12:59.904Z","msg":"background/shutdown: flushing conversations"}
{"level":30,"time":"2024-12-21T11:12:59.904Z","msg":"Sleeper: shutting down, settling 0 in-progress sleep calls"}
{"level":30,"time":"2024-12-21T11:12:59.904Z","msg":"Sleeper: sleep tasks settled"}
{"level":30,"time":"2024-12-21T11:12:59.904Z","msg":"background/shutdown: shutting down queues"}
{"level":30,"time":"2024-12-21T11:12:59.904Z","msg":"call link refresh job queue: shutdown: stop accepting new work and drain 1 promise queues"}
{"level":30,"time":"2024-12-21T11:12:59.905Z","msg":"conversation job queue: shutdown: stop accepting new work and drain 0 promise queues"}
{"level":30,"time":"2024-12-21T11:12:59.905Z","msg":"groupAvatar job queue: shutdown: stop accepting new work and drain 1 promise queues"}
{"level":30,"time":"2024-12-21T11:12:59.905Z","msg":"single proto job queue: shutdown: stop accepting new work and drain 1 promise queues"}
{"level":30,"time":"2024-12-21T11:12:59.905Z","msg":"read sync job queue: shutdown: stop accepting new work and drain 1 promise queues"}
{"level":30,"time":"2024-12-21T11:12:59.905Z","msg":"view sync job queue: shutdown: stop accepting new work and drain 1 promise queues"}
{"level":30,"time":"2024-12-21T11:12:59.905Z","msg":"view once open sync job queue: shutdown: stop accepting new work and drain 1 promise queues"}
{"level":30,"time":"2024-12-21T11:12:59.905Z","msg":"remove storage key job queue: shutdown: stop accepting new work and drain 1 promise queues"}
{"level":30,"time":"2024-12-21T11:12:59.905Z","msg":"report spam job queue: shutdown: stop accepting new work and drain 1 promise queues"}
{"level":30,"time":"2024-12-21T11:12:59.905Z","msg":"CallLinkFinalizeDeleteManager: stopping. There are 0 active job(s)"}
{"level":30,"time":"2024-12-21T11:12:59.906Z","msg":"conversation job queue: shutdown: complete"}
{"level":30,"time":"2024-12-21T11:12:59.906Z","msg":"call link refresh job queue: shutdown: complete"}
{"level":30,"time":"2024-12-21T11:12:59.906Z","msg":"groupAvatar job queue: shutdown: complete"}
{"level":30,"time":"2024-12-21T11:12:59.906Z","msg":"single proto job queue: shutdown: complete"}
{"level":30,"time":"2024-12-21T11:12:59.906Z","msg":"read sync job queue: shutdown: complete"}
{"level":30,"time":"2024-12-21T11:12:59.906Z","msg":"view sync job queue: shutdown: complete"}
{"level":30,"time":"2024-12-21T11:12:59.906Z","msg":"view once open sync job queue: shutdown: complete"}
{"level":30,"time":"2024-12-21T11:12:59.906Z","msg":"remove storage key job queue: shutdown: complete"}
{"level":30,"time":"2024-12-21T11:12:59.906Z","msg":"report spam job queue: shutdown: complete"}
{"level":30,"time":"2024-12-21T11:12:59.906Z","msg":"background/shutdown: shutting down conversation queues"}
{"level":30,"time":"2024-12-21T11:12:59.906Z","msg":"conversation [REDACTED]c83 ([REDACTED]3cc) jobQueue shutdown start"}
{"level":30,"time":"2024-12-21T11:12:59.906Z","msg":"conversation [REDACTED]696 ([REDACTED]990) jobQueue shutdown start"}
{"level":30,"time":"2024-12-21T11:12:59.906Z","msg":"conversation [REDACTED]696 ([REDACTED]990) no jobQueue to shutdown"}
{"level":30,"time":"2024-12-21T11:12:59.906Z","msg":"conversation [REDACTED]ef9 ([REDACTED]1c1) jobQueue shutdown start"}
{"level":30,"time":"2024-12-21T11:12:59.906Z","msg":"conversation [REDACTED]ef9 ([REDACTED]1c1) no jobQueue to shutdown"}
{"level":30,"time":"2024-12-21T11:12:59.906Z","msg":"conversation [REDACTED]111 ([REDACTED]92a) jobQueue shutdown start"}
{"level":30,"time":"2024-12-21T11:12:59.906Z","msg":"conversation [REDACTED]111 ([REDACTED]92a) no jobQueue to shutdown"}
{"level":30,"time":"2024-12-21T11:12:59.906Z","msg":"conversation PNI:[REDACTED]c65 ([REDACTED]1a0) jobQueue shutdown start"}
{"level":30,"time":"2024-12-21T11:12:59.906Z","msg":"conversation PNI:[REDACTED]c65 ([REDACTED]1a0) no jobQueue to shutdown"}
{"level":30,"time":"2024-12-21T11:12:59.906Z","msg":"conversation PNI:[REDACTED]7d6 ([REDACTED]f32) jobQueue shutdown start"}
{"level":30,"time":"2024-12-21T11:12:59.906Z","msg":"conversation PNI:[REDACTED]7d6 ([REDACTED]f32) no jobQueue to shutdown"}
{"level":30,"time":"2024-12-21T11:12:59.906Z","msg":"conversation [REDACTED]c83 ([REDACTED]3cc) jobQueue shutdown complete"}
{"level":30,"time":"2024-12-21T11:12:59.906Z","msg":"background/shutdown: all queues shutdown"}
{"level":30,"time":"2024-12-21T11:12:59.906Z","msg":"background/shutdown: waiting for all batchers"}
{"level":30,"time":"2024-12-21T11:12:59.906Z","msg":"batcher#waitForAllBatchers"}
{"level":30,"time":"2024-12-21T11:12:59.906Z","msg":"Flushing sql.Client.updateConversationBatcher batcher items.length=0"}
{"level":30,"time":"2024-12-21T11:12:59.906Z","msg":"Flushing complete sql.Client.updateConversationBatcher for batcher"}
{"level":30,"time":"2024-12-21T11:12:59.906Z","msg":"Flushing messageBatcher.updateMessageBatcher batcher items.length=0"}
{"level":30,"time":"2024-12-21T11:12:59.906Z","msg":"Flushing complete messageBatcher.updateMessageBatcher for batcher"}
{"level":30,"time":"2024-12-21T11:12:59.906Z","msg":"Flushing Whisper.deliveryReceiptBatcher batcher items.length=0"}
{"level":30,"time":"2024-12-21T11:12:59.906Z","msg":"Flushing complete Whisper.deliveryReceiptBatcher for batcher"}
{"level":30,"time":"2024-12-21T11:12:59.906Z","msg":"Flushing respondWithProfileKeyBatcher batcher items.length=0"}
{"level":30,"time":"2024-12-21T11:12:59.907Z","msg":"Flushing complete respondWithProfileKeyBatcher for batcher"}
{"level":30,"time":"2024-12-21T11:12:59.907Z","msg":"Flushing MessageReceiver.decryptAndCacheBatcher batcher items.length=0"}
{"level":30,"time":"2024-12-21T11:12:59.908Z","msg":"Flushing complete MessageReceiver.decryptAndCacheBatcher for batcher"}
{"level":30,"time":"2024-12-21T11:12:59.909Z","msg":"Flushing MessageReceiver.cacheRemoveBatcher batcher items.length=0"}
{"level":30,"time":"2024-12-21T11:12:59.909Z","msg":"Flushing complete MessageReceiver.cacheRemoveBatcher for batcher"}
{"level":30,"time":"2024-12-21T11:12:59.909Z","msg":"Flushing changedConvoBatcher batcher items.length=0"}
{"level":30,"time":"2024-12-21T11:12:59.909Z","msg":"Flushing complete changedConvoBatcher for batcher"}
{"level":30,"time":"2024-12-21T11:12:59.909Z","msg":"Flushing saveAttachmentDownloadJobs batcher items.length=0"}
{"level":30,"time":"2024-12-21T11:12:59.909Z","msg":"Flushing complete saveAttachmentDownloadJobs for batcher"}
{"level":30,"time":"2024-12-21T11:12:59.910Z","msg":"waitBatcher#waitForAllWaitBatchers"}
{"level":30,"time":"2024-12-21T11:12:59.910Z","msg":"background/shutdown: waiting for all attachment backups & downloads to finish"}
{"level":30,"time":"2024-12-21T11:12:59.910Z","msg":"background/shutdown: closing the database"}
{"level":30,"time":"2024-12-21T11:12:59.910Z","msg":"Client.shutdown"}
{"level":30,"time":"2024-12-21T11:12:59.910Z","msg":"data.shutdown: shutdown requested. 0 jobs outstanding"}
{"level":30,"time":"2024-12-21T11:12:59.973Z","msg":"NotificationService: clearing notification and updating"}
{"level":30,"time":"2024-12-21T11:12:59.973Z","msg":"NotificationService not updating notifications. Notifications are enabled; app is not focused; there is no notification data"}
